[2025-05-11 15:30:15] ERROR: Error: Cannot read properties of undefined (reading 'owner'), Stack: TypeError: Cannot read properties of undefined (reading 'owner')
    at CrmService.fetchActivityDetails (/home/administrator/CRM-005/src/services/crmService.js:146:38)
    at fetchActivityDetails (/home/administrator/CRM-005/src/controllers/crm/activityController.js:112:35)
    at Layer.handleRequest (/home/administrator/CRM-005/node_modules/router/lib/layer.js:152:17)
    at next (/home/administrator/CRM-005/node_modules/router/lib/route.js:157:13)
    at Route.dispatch (/home/administrator/CRM-005/node_modules/router/lib/route.js:117:3)
    at handle (/home/administrator/CRM-005/node_modules/router/index.js:435:11)
    at Layer.handleRequest (/home/administrator/CRM-005/node_modules/router/lib/layer.js:152:17)
    at /home/administrator/CRM-005/node_modules/router/index.js:295:15
    at param (/home/administrator/CRM-005/node_modules/router/index.js:600:14)
    at param (/home/administrator/CRM-005/node_modules/router/index.js:610:14)
[2025-05-11 15:32:06] ERROR: Error: Cannot read properties of undefined (reading 'ownerid'), Stack: TypeError: Cannot read properties of undefined (reading 'ownerid')
    at CrmService.fetchActivityDetails (/home/administrator/CRM-005/src/services/crmService.js:146:38)
    at fetchActivityDetails (/home/administrator/CRM-005/src/controllers/crm/activityController.js:112:35)
    at Layer.handleRequest (/home/administrator/CRM-005/node_modules/router/lib/layer.js:152:17)
    at next (/home/administrator/CRM-005/node_modules/router/lib/route.js:157:13)
    at Route.dispatch (/home/administrator/CRM-005/node_modules/router/lib/route.js:117:3)
    at handle (/home/administrator/CRM-005/node_modules/router/index.js:435:11)
    at Layer.handleRequest (/home/administrator/CRM-005/node_modules/router/lib/layer.js:152:17)
    at /home/administrator/CRM-005/node_modules/router/index.js:295:15
    at param (/home/administrator/CRM-005/node_modules/router/index.js:600:14)
    at param (/home/administrator/CRM-005/node_modules/router/index.js:610:14)
[2025-05-11 15:33:10] ERROR: Error: Cannot read properties of undefined (reading 'ownerId'), Stack: TypeError: Cannot read properties of undefined (reading 'ownerId')
    at CrmService.fetchActivityDetails (/home/administrator/CRM-005/src/services/crmService.js:146:38)
    at fetchActivityDetails (/home/administrator/CRM-005/src/controllers/crm/activityController.js:112:35)
    at Layer.handleRequest (/home/administrator/CRM-005/node_modules/router/lib/layer.js:152:17)
    at next (/home/administrator/CRM-005/node_modules/router/lib/route.js:157:13)
    at Route.dispatch (/home/administrator/CRM-005/node_modules/router/lib/route.js:117:3)
    at handle (/home/administrator/CRM-005/node_modules/router/index.js:435:11)
    at Layer.handleRequest (/home/administrator/CRM-005/node_modules/router/lib/layer.js:152:17)
    at /home/administrator/CRM-005/node_modules/router/index.js:295:15
    at param (/home/administrator/CRM-005/node_modules/router/index.js:600:14)
    at param (/home/administrator/CRM-005/node_modules/router/index.js:610:14)
[2025-05-11 15:35:06] ERROR: Error: Cannot read properties of undefined (reading 'ownerId'), Stack: TypeError: Cannot read properties of undefined (reading 'ownerId')
    at CrmService.fetchActivityDetails (/home/administrator/CRM-005/src/services/crmService.js:146:38)
    at fetchActivityDetails (/home/administrator/CRM-005/src/controllers/crm/activityController.js:112:35)
    at Layer.handleRequest (/home/administrator/CRM-005/node_modules/router/lib/layer.js:152:17)
    at next (/home/administrator/CRM-005/node_modules/router/lib/route.js:157:13)
    at Route.dispatch (/home/administrator/CRM-005/node_modules/router/lib/route.js:117:3)
    at handle (/home/administrator/CRM-005/node_modules/router/index.js:435:11)
    at Layer.handleRequest (/home/administrator/CRM-005/node_modules/router/lib/layer.js:152:17)
    at /home/administrator/CRM-005/node_modules/router/index.js:295:15
    at param (/home/administrator/CRM-005/node_modules/router/index.js:600:14)
    at param (/home/administrator/CRM-005/node_modules/router/index.js:610:14)
[2025-05-11 15:38:49] ERROR: Error: Cannot read properties of undefined (reading 'ownerId'), Stack: TypeError: Cannot read properties of undefined (reading 'ownerId')
    at CrmService.fetchActivityDetails (/home/administrator/CRM-005/src/services/crmService.js:146:38)
    at fetchActivityDetails (/home/administrator/CRM-005/src/controllers/crm/activityController.js:112:35)
    at Layer.handleRequest (/home/administrator/CRM-005/node_modules/router/lib/layer.js:152:17)
    at next (/home/administrator/CRM-005/node_modules/router/lib/route.js:157:13)
    at Route.dispatch (/home/administrator/CRM-005/node_modules/router/lib/route.js:117:3)
    at handle (/home/administrator/CRM-005/node_modules/router/index.js:435:11)
    at Layer.handleRequest (/home/administrator/CRM-005/node_modules/router/lib/layer.js:152:17)
    at /home/administrator/CRM-005/node_modules/router/index.js:295:15
    at param (/home/administrator/CRM-005/node_modules/router/index.js:600:14)
    at param (/home/administrator/CRM-005/node_modules/router/index.js:610:14)
[2025-05-11 15:39:28] ERROR: Error: Cannot read properties of undefined (reading 'ownerId'), Stack: TypeError: Cannot read properties of undefined (reading 'ownerId')
    at CrmService.fetchActivityDetails (/home/administrator/CRM-005/src/services/crmService.js:146:38)
    at fetchActivityDetails (/home/administrator/CRM-005/src/controllers/crm/activityController.js:112:35)
    at Layer.handleRequest (/home/administrator/CRM-005/node_modules/router/lib/layer.js:152:17)
    at next (/home/administrator/CRM-005/node_modules/router/lib/route.js:157:13)
    at Route.dispatch (/home/administrator/CRM-005/node_modules/router/lib/route.js:117:3)
    at handle (/home/administrator/CRM-005/node_modules/router/index.js:435:11)
    at Layer.handleRequest (/home/administrator/CRM-005/node_modules/router/lib/layer.js:152:17)
    at /home/administrator/CRM-005/node_modules/router/index.js:295:15
    at param (/home/administrator/CRM-005/node_modules/router/index.js:600:14)
    at param (/home/administrator/CRM-005/node_modules/router/index.js:610:14)
[2025-05-11 15:40:05] ERROR: CRM request failed with status: 400, body: {"error":{"code":"0x8006088a","message":"')' or ',' expected at position 10 in '(regarding-options)'."}}
[2025-05-11 15:40:05] ERROR: Error: CRM request failed: 400, Stack: Error: CRM request failed: 400
    at CrmService.fetchEntity (/home/administrator/CRM-005/src/services/crmService.js:54:13)
    at process.processTicksAndRejections (node:internal/process/task_queues:95:5)
    at async CrmService.fetchActivityDetails (/home/administrator/CRM-005/src/services/crmService.js:149:18)
    at async fetchActivityDetails (/home/administrator/CRM-005/src/controllers/crm/activityController.js:112:18)
[2025-05-11 15:41:44] ERROR: CRM request failed with status: 400, body: {"error":{"code":"0x0","message":"Term 'accountid,name@OData.Community.Display.V1.FormattedValue' is not valid in a $select or $expand expression."}}
